
UPGRADE TO 0.8-pre1
----------------------------------------------------------------------------
  * Number of script input files: 2
  * Number of HTML input files: 0
  * Update to version: 0.8-pre1
  * Searching for patch module...
  * Searching for info expression data...
    - C:\qooxdoo\qooxdoo.trunk\tool\data\migration\0.8-pre1\info\01-main.dat
    - Compiling expressions...
      - 01-main.dat
    - Number of infos: 0
  * Searching for patch expression data...
    - C:\qooxdoo\qooxdoo.trunk\tool\data\migration\0.8-pre1\patches\01-main.dat
    - Compiling expressions...
      - 01-main.dat
    - Number of patches: 69

  FILE PROCESSING:
----------------------------------------------------------------------------
  * Processing script files:
  - File: C:\qooxdoo\Bugs\2045\bug2045\source\class\bug2045\test\DemoTest.js
  - File: C:\qooxdoo\Bugs\2045\bug2045\source\class\bug2045\Application.js
    - C:\qooxdoo\Bugs\2045\bug2045\source\class\bug2045\Application.js:1 Replacing pattern '\bqx\.ui\b' to 'qx.legacy.ui'
    - C:\qooxdoo\Bugs\2045\bug2045\source\class\bug2045\Application.js:1 Replacing pattern '\bqx\.log\b' to 'qx.legacy.log'
    - C:\qooxdoo\Bugs\2045\bug2045\source\class\bug2045\Application.js:1 Replacing pattern '\bqx\.log\b' to 'qx.legacy.log'
    - C:\qooxdoo\Bugs\2045\bug2045\source\class\bug2045\Application.js has been modified. Storing modifications ...
  * Done

UPGRADE TO 0.8-pre2
----------------------------------------------------------------------------
  * Number of script input files: 2
  * Number of HTML input files: 0
  * Update to version: 0.8-pre2
  * Searching for patch module...
  * Searching for info expression data...
    - Compiling expressions...
    - Number of infos: 0
  * Searching for patch expression data...
    - C:\qooxdoo\qooxdoo.trunk\tool\data\migration\0.8-pre2\patches\01-main.dat
    - C:\qooxdoo\qooxdoo.trunk\tool\data\migration\0.8-pre2\patches\02-fix.dat
    - Compiling expressions...
      - 01-main.dat
      - 02-fix.dat
    - Number of patches: 11

  FILE PROCESSING:
----------------------------------------------------------------------------
  * Processing script files:
  - File: C:\qooxdoo\Bugs\2045\bug2045\source\class\bug2045\test\DemoTest.js
  - File: C:\qooxdoo\Bugs\2045\bug2045\source\class\bug2045\Application.js
  * Done

UPGRADE TO 0.8-beta1
----------------------------------------------------------------------------
  * Number of script input files: 2
  * Number of HTML input files: 0
  * Update to version: 0.8-beta1
  * Searching for patch module...
  * Searching for info expression data...
    - Compiling expressions...
    - Number of infos: 0
  * Searching for patch expression data...
    - C:\qooxdoo\qooxdoo.trunk\tool\data\migration\0.8-beta1\patches\01-main.dat
    - Compiling expressions...
      - 01-main.dat
    - Number of patches: 1

  FILE PROCESSING:
----------------------------------------------------------------------------
  * Processing script files:
  - File: C:\qooxdoo\Bugs\2045\bug2045\source\class\bug2045\test\DemoTest.js
  - File: C:\qooxdoo\Bugs\2045\bug2045\source\class\bug2045\Application.js
  * Done

UPGRADE TO 0.8-rc1
----------------------------------------------------------------------------
  * Number of script input files: 2
  * Number of HTML input files: 0
  * Update to version: 0.8-rc1
  * Searching for patch module...
  * Searching for info expression data...
    - C:\qooxdoo\qooxdoo.trunk\tool\data\migration\0.8-rc1\info\01-main.dat
    - Compiling expressions...
      - 01-main.dat
    - Number of infos: 2
  * Searching for patch expression data...
    - C:\qooxdoo\qooxdoo.trunk\tool\data\migration\0.8-rc1\patches\01-main.dat
    - Compiling expressions...
      - 01-main.dat
    - Number of patches: 7

  FILE PROCESSING:
----------------------------------------------------------------------------
  * Processing script files:
  - File: C:\qooxdoo\Bugs\2045\bug2045\source\class\bug2045\test\DemoTest.js
  - File: C:\qooxdoo\Bugs\2045\bug2045\source\class\bug2045\Application.js
  * Done

UPGRADE TO 0.8
----------------------------------------------------------------------------
  * Number of script input files: 2
  * Number of HTML input files: 0
  * Update to version: 0.8
  * Searching for patch module...
  * Searching for info expression data...
    - C:\qooxdoo\qooxdoo.trunk\tool\data\migration\0.8\info\01-main.dat
    - Compiling expressions...
      - 01-main.dat
    - Number of infos: 0
  * Searching for patch expression data...
    - C:\qooxdoo\qooxdoo.trunk\tool\data\migration\0.8\patches\01-main.dat
    - Compiling expressions...
      - 01-main.dat
    - Number of patches: 1

  FILE PROCESSING:
----------------------------------------------------------------------------
  * Processing script files:
  - File: C:\qooxdoo\Bugs\2045\bug2045\source\class\bug2045\test\DemoTest.js
  - File: C:\qooxdoo\Bugs\2045\bug2045\source\class\bug2045\Application.js
  * Done

UPGRADE TO 0.8.1
----------------------------------------------------------------------------
  * Number of script input files: 2
  * Number of HTML input files: 0
  * Update to version: 0.8.1
  * Searching for patch module...
  * Searching for info expression data...
    - C:\qooxdoo\qooxdoo.trunk\tool\data\migration\0.8.1\info\01-main.dat
    - Compiling expressions...
      - 01-main.dat
    - Number of infos: 2
  * Searching for patch expression data...
    - C:\qooxdoo\qooxdoo.trunk\tool\data\migration\0.8.1\patches\01-main.dat
    - Compiling expressions...
      - 01-main.dat
    - Number of patches: 4

  FILE PROCESSING:
----------------------------------------------------------------------------
  * Processing script files:
  - File: C:\qooxdoo\Bugs\2045\bug2045\source\class\bug2045\test\DemoTest.js
  - File: C:\qooxdoo\Bugs\2045\bug2045\source\class\bug2045\Application.js
  * Done

UPGRADE TO 0.8.2
----------------------------------------------------------------------------
  * Number of script input files: 2
  * Number of HTML input files: 0
  * Update to version: 0.8.2
  * Searching for patch module...
  * Searching for info expression data...
    - C:\qooxdoo\qooxdoo.trunk\tool\data\migration\0.8.2\info\01-main.dat
    - Compiling expressions...
      - 01-main.dat
    - Number of infos: 5
  * Searching for patch expression data...
    - C:\qooxdoo\qooxdoo.trunk\tool\data\migration\0.8.2\patches\01-main.dat
    - C:\qooxdoo\qooxdoo.trunk\tool\data\migration\0.8.2\patches\02-type.dat
    - C:\qooxdoo\qooxdoo.trunk\tool\data\migration\0.8.2\patches\03-package.dat
    - C:\qooxdoo\qooxdoo.trunk\tool\data\migration\0.8.2\patches\04-legacy.dat
    - C:\qooxdoo\qooxdoo.trunk\tool\data\migration\0.8.2\patches\05-lang.dat
    - Compiling expressions...
      - 01-main.dat
      - 02-type.dat
      - 03-package.dat
      - 04-legacy.dat
      - 05-lang.dat
    - Number of patches: 9

  FILE PROCESSING:
----------------------------------------------------------------------------
  * Processing script files:
  - File: C:\qooxdoo\Bugs\2045\bug2045\source\class\bug2045\test\DemoTest.js
  - File: C:\qooxdoo\Bugs\2045\bug2045\source\class\bug2045\Application.js
  * Done
