
UPGRADE TO 1.0
----------------------------------------------------------------------------
  * Number of script input files: 7
  * Number of HTML input files: 0
  * Update to version: 1.0
  * Searching for patch module...
  * Searching for info expression data...
    - /home/thron7/workspace/qooxdoo.trunk/tool/data/migration/1.0/info/01-main.dat
    - Compiling expressions...
      - 01-main.dat
    - Number of infos: 0
  * Searching for patch expression data...
    - /home/thron7/workspace/qooxdoo.trunk/tool/data/migration/1.0/patches/01-main.dat
    - Compiling expressions...
      - 01-main.dat
    - Number of patches: 5

  FILE PROCESSING:
----------------------------------------------------------------------------
  * Processing script files:
  - File: /home/thron7/workspace/packages/test/gui4/source/class/gui4/theme/Font.js
  - File: /home/thron7/workspace/packages/test/gui4/source/class/gui4/theme/Appearance.js
  - File: /home/thron7/workspace/packages/test/gui4/source/class/gui4/theme/Color.js
  - File: /home/thron7/workspace/packages/test/gui4/source/class/gui4/test/DemoTest.js
  - File: /home/thron7/workspace/packages/test/gui4/source/class/gui4/theme/Theme.js
  - File: /home/thron7/workspace/packages/test/gui4/source/class/gui4/Application.js
  - File: /home/thron7/workspace/packages/test/gui4/source/class/gui4/theme/Decoration.js
  * Done
